<?xml version="1.0" encoding="UTF-8"?>
<testng-results ignored="0" total="2" passed="2" failed="0" skipped="0">
  <reporter-output>
  </reporter-output>
  <suite started-at="2026-07-18T16:46:04 IST" name="Employee Management Automation Suite" finished-at="2026-07-18T16:46:13 IST" duration-ms="9323">
    <groups>
    </groups>
    <test started-at="2026-07-18T16:46:04 IST" name="HR Portal Core Workflows" finished-at="2026-07-18T16:46:13 IST" duration-ms="9323">
      <class name="com.employee.automation.tests.LoginTests">
        <test-method is-config="true" signature="setupSuite()[pri:0, instance:com.employee.automation.tests.LoginTests@13d73fa]" started-at="2026-07-18T16:46:04 IST" name="setupSuite" finished-at="2026-07-18T16:46:04 IST" duration-ms="15" status="PASS">
          <reporter-output>
          </reporter-output>
        </test-method> <!-- setupSuite -->
        <test-method is-config="true" signature="setUp()[pri:0, instance:com.employee.automation.tests.LoginTests@13d73fa]" started-at="2026-07-18T16:46:04 IST" name="setUp" finished-at="2026-07-18T16:46:06 IST" duration-ms="1561" status="PASS">
          <reporter-output>
          </reporter-output>
        </test-method> <!-- setUp -->
        <test-method signature="testValidLogin()[pri:1, instance:com.employee.automation.tests.LoginTests@13d73fa]" started-at="2026-07-18T16:46:06 IST" name="testValidLogin" description="Verify successful login on the main gate page" finished-at="2026-07-18T16:46:08 IST" duration-ms="2169" status="PASS">
          <reporter-output>
          </reporter-output>
        </test-method> <!-- testValidLogin -->
        <test-method is-config="true" signature="tearDown()[pri:0, instance:com.employee.automation.tests.LoginTests@13d73fa]" started-at="2026-07-18T16:46:08 IST" name="tearDown" finished-at="2026-07-18T16:46:08 IST" duration-ms="317" status="PASS">
          <reporter-output>
          </reporter-output>
        </test-method> <!-- tearDown -->
        <test-method is-config="true" signature="tearDownSuite()[pri:0, instance:com.employee.automation.tests.LoginTests@13d73fa]" started-at="2026-07-18T16:46:13 IST" name="tearDownSuite" finished-at="2026-07-18T16:46:13 IST" duration-ms="1" status="PASS">
          <reporter-output>
          </reporter-output>
        </test-method> <!-- tearDownSuite -->
      </class> <!-- com.employee.automation.tests.LoginTests -->
      <class name="com.employee.automation.tests.EmployeeTests">
        <test-method is-config="true" signature="setUp()[pri:0, instance:com.employee.automation.tests.EmployeeTests@53bd8fca]" started-at="2026-07-18T16:46:08 IST" name="setUp" finished-at="2026-07-18T16:46:09 IST" duration-ms="1204" status="PASS">
          <reporter-output>
          </reporter-output>
        </test-method> <!-- setUp -->
        <test-method signature="testAddEmployee()[pri:1, instance:com.employee.automation.tests.EmployeeTests@53bd8fca]" started-at="2026-07-18T16:46:09 IST" name="testAddEmployee" description="Verify that a new employee can be successfully added to the system" finished-at="2026-07-18T16:46:13 IST" duration-ms="3854" status="PASS">
          <reporter-output>
          </reporter-output>
        </test-method> <!-- testAddEmployee -->
        <test-method is-config="true" signature="tearDown()[pri:0, instance:com.employee.automation.tests.EmployeeTests@53bd8fca]" started-at="2026-07-18T16:46:13 IST" name="tearDown" finished-at="2026-07-18T16:46:13 IST" duration-ms="185" status="PASS">
          <reporter-output>
          </reporter-output>
        </test-method> <!-- tearDown -->
      </class> <!-- com.employee.automation.tests.EmployeeTests -->
    </test> <!-- HR Portal Core Workflows -->
  </suite> <!-- Employee Management Automation Suite -->
</testng-results>
