<?xml version="1.0" encoding="UTF-8"?>
<!-- Generated by org.testng.reporters.JUnitReportReporter -->
<testsuite hostname="RISHI" failures="0" tests="5" name="com.employee.automation.tests.LoginTests" time="4.047" errors="0" timestamp="2026-07-18T16:46:14 IST" skipped="4">
  <testcase classname="com.employee.automation.tests.LoginTests" name="testValidLogin" time="4.047"/>
  <testcase classname="com.employee.automation.tests.LoginTests" name="testAdminGateLogin">
    <skipped/>
  </testcase> <!-- testAdminGateLogin -->
  <testcase classname="com.employee.automation.tests.LoginTests" name="testEmployeeGateLogin">
    <skipped/>
  </testcase> <!-- testEmployeeGateLogin -->
  <testcase classname="com.employee.automation.tests.LoginTests" name="testLogout">
    <skipped/>
  </testcase> <!-- testLogout -->
  <testcase classname="com.employee.automation.tests.LoginTests" name="testInvalidLogin">
    <skipped/>
  </testcase> <!-- testInvalidLogin -->
</testsuite> <!-- com.employee.automation.tests.LoginTests -->
