<?xml version="1.0" encoding="UTF-8"?>
<!-- Generated by org.testng.reporters.JUnitReportReporter -->
<testsuite hostname="RISHI" failures="0" tests="4" name="com.employee.automation.tests.EmployeeTests" time="5.243" errors="0" timestamp="2026-07-18T16:46:14 IST" skipped="3">
  <testcase classname="com.employee.automation.tests.EmployeeTests" name="testAddEmployee" time="5.243"/>
  <testcase classname="com.employee.automation.tests.EmployeeTests" name="testSearchEmployee">
    <skipped/>
  </testcase> <!-- testSearchEmployee -->
  <testcase classname="com.employee.automation.tests.EmployeeTests" name="testUpdateEmployee">
    <skipped/>
  </testcase> <!-- testUpdateEmployee -->
  <testcase classname="com.employee.automation.tests.EmployeeTests" name="testDeleteEmployee">
    <skipped/>
  </testcase> <!-- testDeleteEmployee -->
</testsuite> <!-- com.employee.automation.tests.EmployeeTests -->
