<?xml version="1.0" encoding="UTF-8"?>
<!-- Generated by org.testng.reporters.JUnitXMLReporter -->
<testsuite ignored="9" hostname="RISHI" failures="0" tests="2" name="HR Portal Core Workflows" time="9.323" errors="0" timestamp="2026-07-18T16:46:13 IST">
  <testcase classname="com.employee.automation.tests.LoginTests" name="testValidLogin" time="2.169"/>
  <testcase classname="com.employee.automation.tests.EmployeeTests" name="testAddEmployee" time="3.854"/>
  <testcase classname="com.employee.automation.base.BaseTest" name="@BeforeSuite setupSuite" time="0.0">
    <ignored/>
  </testcase> <!-- @BeforeSuite setupSuite -->
  <testcase classname="com.employee.automation.tests.LoginTests" name="testAdminGateLogin" time="0.0">
    <ignored/>
  </testcase> <!-- testAdminGateLogin -->
  <testcase classname="com.employee.automation.tests.LoginTests" name="testEmployeeGateLogin" time="0.0">
    <ignored/>
  </testcase> <!-- testEmployeeGateLogin -->
  <testcase classname="com.employee.automation.tests.EmployeeTests" name="testSearchEmployee" time="0.0">
    <ignored/>
  </testcase> <!-- testSearchEmployee -->
  <testcase classname="com.employee.automation.base.BaseTest" name="@AfterSuite tearDownSuite" time="0.0">
    <ignored/>
  </testcase> <!-- @AfterSuite tearDownSuite -->
  <testcase classname="com.employee.automation.tests.EmployeeTests" name="testUpdateEmployee" time="0.0">
    <ignored/>
  </testcase> <!-- testUpdateEmployee -->
  <testcase classname="com.employee.automation.tests.LoginTests" name="testLogout" time="0.0">
    <ignored/>
  </testcase> <!-- testLogout -->
  <testcase classname="com.employee.automation.tests.LoginTests" name="testInvalidLogin" time="0.0">
    <ignored/>
  </testcase> <!-- testInvalidLogin -->
  <testcase classname="com.employee.automation.tests.EmployeeTests" name="testDeleteEmployee" time="0.0">
    <ignored/>
  </testcase> <!-- testDeleteEmployee -->
</testsuite> <!-- HR Portal Core Workflows -->
